Arguments: 
  /usr/local/bin/node /usr/local/bin/yarn add @keystonejs/fields

PATH: 
  /usr/local/opt/php/sbin:/usr/local/bin:/usr/bin:/bin:/usr/sbin:/sbin:/Library/Apple/usr/bin:/Library/Apple/bin:/Users/user 1/.rvm/bin

Yarn version: 
  1.22.4

Node version: 
  12.16.1

Platform: 
  darwin x64

Trace: 
  Error: connect ECONNREFUSED 151.101.0.133:443
      at TCPConnectWrap.afterConnect [as oncomplete] (net.js:1137:16)

npm manifest: 
  {
    "name": "@keystonejs/example-projects-todo",
    "description": "An example KeystoneJS project showcasing a simple Todo List with a Keystone StaticApp front-end.",
    "private": true,
    "version": "5.0.11",
    "author": "The KeystoneJS Development Team",
    "repository": "https://github.com/keystonejs/keystone/tree/master/packages/create-keystone-app/example-projects/todo",
    "homepage": "https://github.com/keystonejs/keystone",
    "license": "MIT",
    "engines": {
      "node": ">=10.0.0"
    },
    "scripts": {
      "dev": "cross-env NODE_ENV=development DISABLE_LOGGING=true keystone dev",
      "build": "cross-env NODE_ENV=production keystone build",
      "start": "cross-env NODE_ENV=production keystone start",
      "create-tables": "keystone create-tables"
    },
    "dependencies": {
      "@keystonejs/adapter-mongoose": "^8.1.3",
      "@keystonejs/app-admin-ui": "^7.0.3",
      "@keystonejs/app-graphql": "^5.1.8",
      "@keystonejs/app-static": "^5.1.2",
      "@keystonejs/fields": "^13.0.0",
      "@keystonejs/keystone": "^11.1.0",
      "cross-env": "^7.0.0"
    }
  }

yarn manifest: 
  No manifest

Lockfile: 
  No lockfile
